<?xml version="1.0" encoding="UTF-8"?>
<testng-results ignored="0" total="1" passed="1" failed="0" skipped="0">
  <reporter-output>
  </reporter-output>
  <suite started-at="2023-03-01T12:56:44 IST" name="Surefire suite" finished-at="2023-03-01T12:56:45 IST" duration-ms="408">
    <groups>
    </groups>
    <test started-at="2023-03-01T12:56:44 IST" name="Surefire test" finished-at="2023-03-01T12:56:45 IST" duration-ms="408">
      <class name="CUCUMBER.CUCUMBER.AppTest">
        <test-method signature="shouldAnswerWithTrue()" started-at="2023-03-01T12:56:45 IST" name="shouldAnswerWithTrue" finished-at="2023-03-01T12:56:45 IST" duration-ms="3" status="PASS">
          <reporter-output>
          </reporter-output>
        </test-method> <!-- shouldAnswerWithTrue -->
      </class> <!-- CUCUMBER.CUCUMBER.AppTest -->
    </test> <!-- Surefire test -->
  </suite> <!-- Surefire suite -->
</testng-results>
