<?xml version="1.0" encoding="UTF-8"?>
<testsuite xmlns:xsi="http://www.w3.org/2001/XMLSchema-instance" xsi:noNamespaceSchemaLocation="https://maven.apache.org/surefire/maven-surefire-plugin/xsd/surefire-test-report.xsd" name="TestSuite" time="1.287" tests="31" errors="0" skipped="0" failures="0">
  <properties>
[...]
</properties>
  <testcase name="runScenario" classname="CucubmerOptions.TestNGTestRunner" time="0.058"/>
  <testcase name="runScenario" classname="CucubmerOptions.TestNGTestRunner" time="0.002"/>
  <testcase name="runScenario" classname="CucubmerOptions.TestNGTestRunner" time="0.002"/>
  <testcase name="runScenario" classname="CucubmerOptions.TestNGTestRunner" time="0.005"/>
  <testcase name="runScenario" classname="CucubmerOptions.TestNGTestRunner" time="0.003"/>
  <testcase name="runScenario" classname="CucubmerOptions.TestNGTestRunner" time="0.005"/>
  <testcase name="runScenario" classname="CucubmerOptions.TestNGTestRunner" time="0.002"/>
  <testcase name="runScenario" classname="CucubmerOptions.TestNGTestRunner" time="0.005"/>
  <testcase name="runScenario" classname="CucubmerOptions.TestNGTestRunner" time="0.002"/>
  <testcase name="runScenario" classname="CucubmerOptions.TestNGTestRunner" time="0.002"/>
  <testcase name="runScenario" classname="CucubmerOptions.TestNGTestRunner" time="0.005"/>
  <testcase name="runScenario" classname="CucubmerOptions.TestNGTestRunner" time="0.003"/>
  <testcase name="runScenario" classname="CucubmerOptions.TestNGTestRunner" time="0.006"/>
  <testcase name="runScenario" classname="CucubmerOptions.TestNGTestRunner" time="0.006"/>
  <testcase name="runScenario" classname="CucubmerOptions.TestNGTestRunner" time="0.003"/>
  <testcase name="runScenario" classname="CucubmerOptions.TestNGTestRunner" time="0.007"/>
  <testcase name="runScenario" classname="CucubmerOptions.TestNGTestRunner" time="0.005"/>
  <testcase name="runScenario" classname="CucubmerOptions.TestNGTestRunner" time="0.003"/>
  <testcase name="runScenario" classname="CucubmerOptions.TestNGTestRunner" time="0.006"/>
  <testcase name="runScenario" classname="CucubmerOptions.TestNGTestRunner" time="0.002"/>
  <testcase name="runScenario" classname="CucubmerOptions.TestNGTestRunner" time="0.002"/>
  <testcase name="runScenario" classname="CucubmerOptions.TestNGTestRunner" time="0.004"/>
  <testcase name="runScenario" classname="CucubmerOptions.TestNGTestRunner" time="0.003"/>
  <testcase name="runScenario" classname="CucubmerOptions.TestNGTestRunner" time="0.005"/>
  <testcase name="runScenario" classname="CucubmerOptions.TestNGTestRunner" time="0.002"/>
  <testcase name="runScenario" classname="CucubmerOptions.TestNGTestRunner" time="0.004"/>
  <testcase name="runScenario" classname="CucubmerOptions.TestNGTestRunner" time="0.004"/>
  <testcase name="runScenario" classname="CucubmerOptions.TestNGTestRunner" time="0.005"/>
  <testcase name="runScenario" classname="CucubmerOptions.TestNGTestRunner" time="0.002"/>
  <testcase name="runScenario" classname="CucubmerOptions.TestNGTestRunner" time="0.002"/>
  <testcase name="shouldAnswerWithTrue on shouldAnswerWithTrue(CUCUMBER.CUCUMBER.AppTest)" classname="CUCUMBER.CUCUMBER.AppTest" time="0"/>
</testsuite>